-------------------------------------------------------------------------------
Test set: TestSuite
-------------------------------------------------------------------------------
Tests run: 1, Failures: 1, Errors: 0, Skipped: 0, Time elapsed: 16.611 s <<< FAILURE! - in TestSuite
testingActionTest(StepTest)  Time elapsed: 4.929 s  <<< FAILURE!
java.lang.AssertionError: expected [5] but found [3]
	at StepTest.testingActionTest(StepTest.java:41)

